<?xml version="1.0" encoding="UTF-8"?>
<testng-results ignored="0" total="2" passed="1" failed="1" skipped="0">
  <reporter-output>
  </reporter-output>
  <suite started-at="2021-04-08T01:52:32 EET" name="Default suite" finished-at="2021-04-08T01:53:21 EET" duration-ms="49489">
    <groups>
    </groups>
    <test started-at="2021-04-08T01:52:32 EET" name="Default test" finished-at="2021-04-08T01:53:21 EET" duration-ms="49489">
      <class name="ibtikar.Fakhr.RegisterTest">
        <test-method is-config="true" signature="openBrowser()[pri:0, instance:ibtikar.Fakhr.RegisterTest@38c5cc4c]" started-at="2021-04-08T01:52:32 EET" name="openBrowser" finished-at="2021-04-08T01:53:15 EET" duration-ms="43439" status="PASS">
          <reporter-output>
          </reporter-output>
        </test-method> <!-- openBrowser -->
        <test-method signature="testRegisterMethod(java.lang.String, java.lang.String, java.lang.String, java.lang.String, java.lang.String, java.lang.String, java.lang.String, java.lang.String, java.lang.String, java.lang.String)[pri:1, instance:ibtikar.Fakhr.RegisterTest@38c5cc4c]" started-at="2021-04-08T01:53:16 EET" name="testRegisterMethod" data-provider="DataFakhr" finished-at="2021-04-08T01:53:19 EET" duration-ms="2857" status="PASS">
          <params>
            <param index="0">
              <value>
                <![CDATA[تيست]]>
              </value>
            </param>
            <param index="1">
              <value>
                <![CDATA[تيست]]>
              </value>
            </param>
            <param index="2">
              <value>
                <![CDATA[تيست]]>
              </value>
            </param>
            <param index="3">
              <value>
                <![CDATA[تيست]]>
              </value>
            </param>
            <param index="4">
              <value>
                <![CDATA[1111122222]]>
              </value>
            </param>
            <param index="5">
              <value>
                <![CDATA[0511112222]]>
              </value>
            </param>
            <param index="6">
              <value>
                <![CDATA[a@b.cc]]>
              </value>
            </param>
            <param index="7">
              <value>
                <![CDATA[123456789]]>
              </value>
            </param>
            <param index="8">
              <value>
                <![CDATA[123456789]]>
              </value>
            </param>
            <param index="9">
              <value>
                <![CDATA[بيانات المستخدم موجودة بالفعل]]>
              </value>
            </param>
          </params>
          <reporter-output>
          </reporter-output>
        </test-method> <!-- testRegisterMethod -->
        <test-method signature="testRegisterMethod(java.lang.String, java.lang.String, java.lang.String, java.lang.String, java.lang.String, java.lang.String, java.lang.String, java.lang.String, java.lang.String, java.lang.String)[pri:1, instance:ibtikar.Fakhr.RegisterTest@38c5cc4c]" started-at="2021-04-08T01:53:19 EET" name="testRegisterMethod" data-provider="DataFakhr" finished-at="2021-04-08T01:53:21 EET" duration-ms="2389" status="FAIL">
          <params>
            <param index="0">
              <value>
                <![CDATA[تيست]]>
              </value>
            </param>
            <param index="1">
              <value>
                <![CDATA[تيست]]>
              </value>
            </param>
            <param index="2">
              <value>
                <![CDATA[تيست]]>
              </value>
            </param>
            <param index="3">
              <value>
                <![CDATA[تيست]]>
              </value>
            </param>
            <param index="4">
              <value>
                <![CDATA[1000000031]]>
              </value>
            </param>
            <param index="5">
              <value>
                <![CDATA[0500000031]]>
              </value>
            </param>
            <param index="6">
              <value>
                <![CDATA[test31@fakhr.com]]>
              </value>
            </param>
            <param index="7">
              <value>
                <![CDATA[123456789]]>
              </value>
            </param>
            <param index="8">
              <value>
                <![CDATA[123456789]]>
              </value>
            </param>
            <param index="9">
              <value>
                <![CDATA[تم بنجاح]]>
              </value>
            </param>
          </params>
          <exception class="java.lang.AssertionError">
            <message>
              <![CDATA[expected [تم بنجاح] but found [INTERNAL_SERVER_ERROR]]]>
            </message>
            <full-stacktrace>
              <![CDATA[java.lang.AssertionError: expected [تم بنجاح] but found [INTERNAL_SERVER_ERROR]
at org.testng.Assert.fail(Assert.java:99)
at org.testng.Assert.failNotEquals(Assert.java:1037)
at org.testng.Assert.assertEqualsImpl(Assert.java:140)
at org.testng.Assert.assertEquals(Assert.java:122)
at org.testng.Assert.assertEquals(Assert.java:629)
at org.testng.Assert.assertEquals(Assert.java:639)
at ibtikar.Fakhr.RegisterTest.testRegisterMethod(RegisterTest.java:37)
at java.base/jdk.internal.reflect.NativeMethodAccessorImpl.invoke0(Native Method)
at java.base/jdk.internal.reflect.NativeMethodAccessorImpl.invoke(NativeMethodAccessorImpl.java:62)
at java.base/jdk.internal.reflect.DelegatingMethodAccessorImpl.invoke(DelegatingMethodAccessorImpl.java:43)
at java.base/java.lang.reflect.Method.invoke(Method.java:566)
at org.testng.internal.MethodInvocationHelper.invokeMethod(MethodInvocationHelper.java:132)
at org.testng.internal.TestInvoker.invokeMethod(TestInvoker.java:599)
at org.testng.internal.TestInvoker.invokeTestMethod(TestInvoker.java:174)
at org.testng.internal.MethodRunner.runInSequence(MethodRunner.java:46)
at org.testng.internal.TestInvoker$MethodInvocationAgent.invoke(TestInvoker.java:822)
at org.testng.internal.TestInvoker.invokeTestMethods(TestInvoker.java:147)
at org.testng.internal.TestMethodWorker.invokeTestMethods(TestMethodWorker.java:146)
at org.testng.internal.TestMethodWorker.run(TestMethodWorker.java:128)
at java.base/java.util.ArrayList.forEach(ArrayList.java:1541)
at org.testng.TestRunner.privateRun(TestRunner.java:764)
at org.testng.TestRunner.run(TestRunner.java:585)
at org.testng.SuiteRunner.runTest(SuiteRunner.java:384)
at org.testng.SuiteRunner.runSequentially(SuiteRunner.java:378)
at org.testng.SuiteRunner.privateRun(SuiteRunner.java:337)
at org.testng.SuiteRunner.run(SuiteRunner.java:286)
at org.testng.SuiteRunnerWorker.runSuite(SuiteRunnerWorker.java:53)
at org.testng.SuiteRunnerWorker.run(SuiteRunnerWorker.java:96)
at org.testng.TestNG.runSuitesSequentially(TestNG.java:1218)
at org.testng.TestNG.runSuitesLocally(TestNG.java:1140)
at org.testng.TestNG.runSuites(TestNG.java:1069)
at org.testng.TestNG.run(TestNG.java:1037)
at org.testng.remote.AbstractRemoteTestNG.run(AbstractRemoteTestNG.java:115)
at org.testng.remote.RemoteTestNG.initAndRun(RemoteTestNG.java:251)
at org.testng.remote.RemoteTestNG.main(RemoteTestNG.java:77)
]]>
            </full-stacktrace>
          </exception> <!-- java.lang.AssertionError -->
          <reporter-output>
          </reporter-output>
        </test-method> <!-- testRegisterMethod -->
      </class> <!-- ibtikar.Fakhr.RegisterTest -->
    </test> <!-- Default test -->
  </suite> <!-- Default suite -->
</testng-results>
